2020-05-29T20:21:47,014 TRACE [Test worker]: ClientController                     - Method updateClient entered with ClientDto ClientDto(super=BaseDto(id=1), firstName=c1, lastName=cL1, age=21) 
2020-05-29T20:21:47,127 TRACE [Test worker]: ClientController                     - Method getClients entered 
2020-05-29T20:25:22,434 TRACE [Test worker]: ClientController                     - Method updateClient entered with ClientDto ClientDto(super=BaseDto(id=1), firstName=c1, lastName=cL1, age=21) 
2020-05-29T20:25:22,567 TRACE [Test worker]: ClientController                     - Method getClients entered 
2020-05-29T20:26:01,868 TRACE [Test worker]: ClientController                     - Method updateClient entered with ClientDto ClientDto(super=BaseDto(id=1), firstName=c1, lastName=cL1, age=21) 
2020-05-29T20:26:02,005 TRACE [Test worker]: ClientController                     - Method getClients entered 
2020-05-29T20:39:45,404 TRACE [Test worker]: ClientController                     - Method getClients entered 
2020-05-29T20:43:50,958 TRACE [Test worker]: ClientController                     - Method getClients entered 
2020-05-29T20:47:36,173 TRACE [Test worker]: ClientController                     - Method getClients entered 
2020-05-29T20:50:55,006 TRACE [Test worker]: ClientController                     - Method getClients entered 
2020-05-29T20:52:25,283 TRACE [Test worker]: ClientController                     - Method getClients entered 
2020-05-29T20:53:11,355 TRACE [Test worker]: ClientController                     - Method updateClient entered with ClientDto ClientDto(super=BaseDto(id=1), firstName=c1, lastName=cL1, age=21) 
2020-05-29T20:53:11,501 TRACE [Test worker]: ClientController                     - Method getClients entered 
2020-05-29T20:54:24,987 TRACE [Test worker]: ClientController                     - Method updateClient entered with ClientDto ClientDto(super=BaseDto(id=1), firstName=c1, lastName=cL1, age=21) 
2020-05-29T20:54:25,190 TRACE [Test worker]: ClientController                     - Method getClients entered 
2020-05-29T21:06:59,202 TRACE [Test worker]: ClientController                     - Method updateClient entered with ClientDto ClientDto(super=BaseDto(id=1), firstName=c1, lastName=cL1, age=21) 
2020-05-29T21:10:36,737 TRACE [Test worker]: ClientController                     - Method updateClient entered with ClientDto ClientDto(super=BaseDto(id=1), firstName=c1, lastName=cL1, age=21) 
2020-05-29T21:10:36,937 TRACE [Test worker]: ClientController                     - Method getClients entered 
2020-05-29T21:11:15,838 TRACE [Test worker]: ClientController                     - Method updateClient entered with ClientDto ClientDto(super=BaseDto(id=1), firstName=c1, lastName=cL1, age=21) 
2020-05-29T21:11:16,089 TRACE [Test worker]: ClientController                     - Method getClients entered 
2020-05-29T21:12:08,059 TRACE [Test worker]: ClientController                     - Method updateClient entered with ClientDto ClientDto(super=BaseDto(id=1), firstName=c1, lastName=cL1, age=21) 
2020-05-29T21:12:08,224 TRACE [Test worker]: ClientController                     - Method getClients entered 
2020-05-29T21:13:02,841 TRACE [Test worker]: ClientController                     - Method updateClient entered with ClientDto ClientDto(super=BaseDto(id=1), firstName=c1, lastName=cL1, age=21) 
2020-05-29T21:13:03,095 TRACE [Test worker]: ClientController                     - Method getClients entered 
2020-05-29T21:14:51,495 TRACE [Test worker]: ClientController                     - Method updateClient entered with ClientDto ClientDto(super=BaseDto(id=1), firstName=c1, lastName=cL1, age=21) 
2020-05-29T21:14:51,858 TRACE [Test worker]: ClientController                     - Method getClients entered 
2020-05-29T21:19:20,974 TRACE [Test worker]: ClientController                     - Method updateClient entered with ClientDto ClientDto(super=BaseDto(id=1), firstName=c1, lastName=cL1, age=21) 
2020-05-29T21:19:21,232 TRACE [Test worker]: ClientController                     - Method getClients entered 
2020-05-29T21:20:47,698 TRACE [Test worker]: ClientController                     - Method updateClient entered with ClientDto ClientDto(super=BaseDto(id=1), firstName=c1, lastName=cL1, age=21) 
2020-05-29T21:20:48,002 TRACE [Test worker]: ClientController                     - Method getClients entered 
2020-05-29T21:31:15,124 TRACE [Test worker]: ClientController                     - Method updateClient entered with ClientDto ClientDto(super=BaseDto(id=1), firstName=c1, lastName=cL1, age=21) 
2020-05-29T21:31:15,328 TRACE [Test worker]: ClientController                     - Method deleteClient entered with id 1 
2020-05-29T21:31:15,507 TRACE [Test worker]: ClientController                     - Method getClients entered 
2020-05-29T21:32:56,241 TRACE [Test worker]: ClientController                     - Method updateClient entered with ClientDto ClientDto(super=BaseDto(id=1), firstName=c1, lastName=cL1, age=21) 
2020-05-29T21:32:56,434 TRACE [Test worker]: ClientController                     - Method deleteClient entered with id 1 
2020-05-29T21:32:56,523 TRACE [Test worker]: ClientController                     - Method getClients entered 
2020-05-29T21:33:54,595 TRACE [Test worker]: ClientController                     - Method updateClient entered with ClientDto ClientDto(super=BaseDto(id=1), firstName=c1, lastName=cL1, age=21) 
2020-05-29T21:33:54,768 TRACE [Test worker]: ClientController                     - Method deleteClient entered with id 1 
2020-05-29T21:33:54,869 TRACE [Test worker]: ClientController                     - Method getClients entered 
2020-05-29T21:35:04,499 TRACE [Test worker]: ClientController                     - Method updateClient entered with ClientDto ClientDto(super=BaseDto(id=1), firstName=c1, lastName=cL1, age=21) 
2020-05-29T21:35:04,798 TRACE [Test worker]: ClientController                     - Method deleteClient entered with id 1 
2020-05-29T21:35:04,872 TRACE [Test worker]: ClientController                     - Method getClients entered 
2020-05-29T21:35:35,721 TRACE [Test worker]: ClientController                     - Method updateClient entered with ClientDto ClientDto(super=BaseDto(id=1), firstName=c1, lastName=cL1, age=21) 
2020-05-29T21:35:35,876 TRACE [Test worker]: ClientController                     - Method deleteClient entered with id 1 
2020-05-29T21:35:35,966 TRACE [Test worker]: ClientController                     - Method getClients entered 
2020-05-29T21:36:21,506 TRACE [Test worker]: ClientController                     - Method updateClient entered with ClientDto ClientDto(super=BaseDto(id=1), firstName=c1, lastName=cL1, age=21) 
2020-05-29T21:36:21,690 TRACE [Test worker]: ClientController                     - Method deleteClient entered with id 1 
2020-05-29T21:36:21,762 TRACE [Test worker]: ClientController                     - Method getClients entered 
2020-05-29T21:41:46,107 TRACE [Test worker]: ClientController                     - Method updateClient entered with ClientDto ClientDto(super=BaseDto(id=1), firstName=c1, lastName=cL1, age=21) 
2020-05-29T21:41:46,567 TRACE [Test worker]: ClientController                     - Method deleteClient entered with id 1 
2020-05-29T21:41:46,724 WARN  [Test worker]: DefaultHandlerExceptionResolver      - Failed to read HTTP message: org.springframework.http.converter.HttpMessageNotReadableException: Required request body is missing: void web.controller.ClientController.saveClient(web.dto.ClientDto) 
2020-05-29T21:41:46,816 TRACE [Test worker]: ClientController                     - Method getClients entered 
2020-05-29T21:44:05,487 TRACE [Test worker]: ClientController                     - Method updateClient entered with ClientDto ClientDto(super=BaseDto(id=1), firstName=c1, lastName=cL1, age=21) 
2020-05-29T21:44:05,653 TRACE [Test worker]: ClientController                     - Method deleteClient entered with id 1 
2020-05-29T21:44:05,688 WARN  [Test worker]: DefaultHandlerExceptionResolver      - Failed to read HTTP message: org.springframework.http.converter.HttpMessageNotReadableException: Required request body is missing: void web.controller.ClientController.saveClient(web.dto.ClientDto) 
2020-05-29T21:44:05,724 TRACE [Test worker]: ClientController                     - Method getClients entered 
2020-05-29T21:45:14,634 TRACE [Test worker]: ClientController                     - Method updateClient entered with ClientDto ClientDto(super=BaseDto(id=1), firstName=c1, lastName=cL1, age=21) 
2020-05-29T21:45:15,090 TRACE [Test worker]: ClientController                     - Method deleteClient entered with id 1 
2020-05-29T21:45:15,152 TRACE [Test worker]: ClientController                     - Method saveClient entered with ClientDto ClientDto(super=BaseDto(id=1), firstName=c1, lastName=cL1, age=21) 
2020-05-29T21:45:15,254 TRACE [Test worker]: ClientController                     - Method getClients entered 
2020-05-29T21:47:33,905 TRACE [Test worker]: ClientController                     - Method updateClient entered with ClientDto ClientDto(super=BaseDto(id=1), firstName=c1, lastName=cL1, age=21) 
2020-05-29T21:47:34,226 TRACE [Test worker]: ClientController                     - Method deleteClient entered with id 1 
2020-05-29T21:47:34,275 TRACE [Test worker]: ClientController                     - Method saveClient entered with ClientDto ClientDto(super=BaseDto(id=1), firstName=c1, lastName=cL1, age=21) 
2020-05-29T21:47:34,339 TRACE [Test worker]: ClientController                     - Method getClients entered 
